<?xml version="1.0" encoding="UTF-8"?>
<!-- Generated by org.testng.reporters.JUnitXMLReporter -->
<testsuite ignored="0" hostname="DESKTOP-D2RUNDR" failures="0" tests="4" name="Default test" time="68.374" errors="0" timestamp="2024-09-16T21:00:50 IST">
  <testcase classname="com.OpenHRM.base.Base" name="VerifyPage" time="0.057"/>
  <testcase classname="com.OpenHRM.base.Base" name="LoginDetail" time="8.533"/>
  <testcase classname="com.OpenHRM.base.Base" name="AddEmploye" time="13.865"/>
  <testcase classname="com.OpenHRM.base.Base" name="CreateUser" time="10.957"/>
</testsuite> <!-- Default test -->
