<?xml version="1.0" encoding="UTF-8"?>
<!-- Generated by org.testng.reporters.JUnitXMLReporter -->
<testsuite ignored="0" hostname="DESKTOP-D2RUNDR" failures="0" tests="5" name="Default test" time="9.591" errors="0" timestamp="2024-09-11T22:07:49 IST">
  <testcase classname="com.OpenHRM.base.Base" name="@BeforeClass Before" time="9.428">
    <failure type="java.lang.Error" message="Unresolved compilation problem: 
	Syntax error, insert &amp;quot;}&amp;quot; to complete ClassBody
">
      <![CDATA[java.lang.Error: Unresolved compilation problem: 
Syntax error, insert "}" to complete ClassBody

at com.OpenHRM.pageoject.Login.<init>(Login.java:68)
at com.OpenHRM.base.Base.Before(Base.java:31)
at java.base/jdk.internal.reflect.NativeMethodAccessorImpl.invoke0(Native Method)
at java.base/jdk.internal.reflect.NativeMethodAccessorImpl.invoke(NativeMethodAccessorImpl.java:77)
at java.base/jdk.internal.reflect.DelegatingMethodAccessorImpl.invoke(DelegatingMethodAccessorImpl.java:43)
at java.base/java.lang.reflect.Method.invoke(Method.java:568)
at org.testng.internal.MethodInvocationHelper.invokeMethod(MethodInvocationHelper.java:133)
at org.testng.internal.MethodInvocationHelper.invokeMethodConsideringTimeout(MethodInvocationHelper.java:62)
at org.testng.internal.ConfigInvoker.invokeConfigurationMethod(ConfigInvoker.java:385)
at org.testng.internal.ConfigInvoker.invokeConfigurations(ConfigInvoker.java:321)
at org.testng.internal.TestMethodWorker.invokeBeforeClassMethods(TestMethodWorker.java:176)
at org.testng.internal.TestMethodWorker.run(TestMethodWorker.java:122)
at java.base/java.util.ArrayList.forEach(ArrayList.java:1511)
at org.testng.TestRunner.privateRun(TestRunner.java:794)
at org.testng.TestRunner.run(TestRunner.java:596)
at org.testng.SuiteRunner.runTest(SuiteRunner.java:377)
at org.testng.SuiteRunner.runSequentially(SuiteRunner.java:371)
at org.testng.SuiteRunner.privateRun(SuiteRunner.java:332)
at org.testng.SuiteRunner.run(SuiteRunner.java:276)
at org.testng.SuiteRunnerWorker.runSuite(SuiteRunnerWorker.java:53)
at org.testng.SuiteRunnerWorker.run(SuiteRunnerWorker.java:96)
at org.testng.TestNG.runSuitesSequentially(TestNG.java:1212)
at org.testng.TestNG.runSuitesLocally(TestNG.java:1134)
at org.testng.TestNG.runSuites(TestNG.java:1063)
at org.testng.TestNG.run(TestNG.java:1031)
at org.testng.remote.AbstractRemoteTestNG.run(AbstractRemoteTestNG.java:115)
at org.testng.remote.RemoteTestNG.initAndRun(RemoteTestNG.java:293)
at org.testng.remote.RemoteTestNG.main(RemoteTestNG.java:91)
]]>
    </failure>
  </testcase> <!-- @BeforeClass Before -->
  <testcase classname="com.OpenHRM.base.Base" name="@AfterClass teardown" time="-1.726072668249E9">
    <skipped/>
  </testcase> <!-- @AfterClass teardown -->
  <testcase classname="com.OpenHRM.base.Base" name="VerifyPage" time="0.0">
    <skipped/>
  </testcase> <!-- VerifyPage -->
  <testcase classname="com.OpenHRM.base.Base" name="LoginDetail" time="0.0">
    <skipped/>
  </testcase> <!-- LoginDetail -->
  <testcase classname="com.OpenHRM.base.Base" name="AddEmploye" time="0.0">
    <skipped/>
  </testcase> <!-- AddEmploye -->
  <testcase classname="com.OpenHRM.base.Base" name="CreateUser" time="0.0">
    <skipped/>
  </testcase> <!-- CreateUser -->
  <testcase classname="com.OpenHRM.base.Base" name="EmployeeDetails" time="0.0">
    <skipped/>
  </testcase> <!-- EmployeeDetails -->
</testsuite> <!-- Default test -->
