<?xml version="1.0" encoding="UTF-8"?>
<!-- Generated by org.testng.reporters.JUnitXMLReporter -->
<testsuite ignored="0" hostname="DESKTOP-D2RUNDR" failures="0" tests="4" name="Test" time="48.807" errors="0" timestamp="2024-09-10T18:39:41 IST">
  <testcase classname="com.OpenHRM.base.Base" name="VerifyPage" time="0.045"/>
  <testcase classname="com.OpenHRM.base.Base" name="LoginDetail" time="9.698"/>
  <testcase classname="com.OpenHRM.base.Base" name="AddEmploye" time="12.966"/>
  <testcase classname="com.OpenHRM.base.Base" name="CreateUser" time="5.768"/>
</testsuite> <!-- Test -->
