<?xml version="1.0" encoding="UTF-8"?>
<testng-results ignored="0" total="4" passed="4" failed="0" skipped="0">
  <reporter-output>
  </reporter-output>
  <suite started-at="2024-09-16T20:59:41 IST" name="Default suite" finished-at="2024-09-16T21:00:49 IST" duration-ms="68374">
    <groups>
    </groups>
    <test started-at="2024-09-16T20:59:41 IST" name="Default test" finished-at="2024-09-16T21:00:49 IST" duration-ms="68374">
      <class name="com.OpenHRM.base.Base">
        <test-method is-config="true" signature="Before()[pri:0, instance:com.OpenHRM.base.Base@6fdbe764]" started-at="2024-09-16T20:59:41 IST" name="Before" finished-at="2024-09-16T20:59:56 IST" duration-ms="15119" status="PASS">
          <reporter-output>
          </reporter-output>
        </test-method> <!-- Before -->
        <test-method signature="VerifyPage()[pri:0, instance:com.OpenHRM.base.Base@6fdbe764]" started-at="2024-09-16T20:59:56 IST" name="VerifyPage" finished-at="2024-09-16T20:59:56 IST" duration-ms="57" status="PASS">
          <reporter-output>
          </reporter-output>
        </test-method> <!-- VerifyPage -->
        <test-method signature="LoginDetail()[pri:1, instance:com.OpenHRM.base.Base@6fdbe764]" started-at="2024-09-16T20:59:56 IST" name="LoginDetail" finished-at="2024-09-16T21:00:05 IST" duration-ms="8533" status="PASS">
          <reporter-output>
          </reporter-output>
        </test-method> <!-- LoginDetail -->
        <test-method signature="AddEmploye()[pri:2, instance:com.OpenHRM.base.Base@6fdbe764]" started-at="2024-09-16T21:00:05 IST" name="AddEmploye" finished-at="2024-09-16T21:00:19 IST" duration-ms="13865" status="PASS">
          <reporter-output>
          </reporter-output>
        </test-method> <!-- AddEmploye -->
        <test-method signature="CreateUser()[pri:3, instance:com.OpenHRM.base.Base@6fdbe764]" started-at="2024-09-16T21:00:19 IST" name="CreateUser" finished-at="2024-09-16T21:00:30 IST" duration-ms="10957" status="PASS">
          <reporter-output>
          </reporter-output>
        </test-method> <!-- CreateUser -->
        <test-method is-config="true" signature="teardown()[pri:0, instance:com.OpenHRM.base.Base@6fdbe764]" started-at="2024-09-16T21:00:30 IST" name="teardown" finished-at="2024-09-16T21:00:49 IST" duration-ms="19710" status="PASS">
          <reporter-output>
          </reporter-output>
        </test-method> <!-- teardown -->
      </class> <!-- com.OpenHRM.base.Base -->
    </test> <!-- Default test -->
  </suite> <!-- Default suite -->
</testng-results>
